<?xml version="1.0" encoding="UTF-8"?>
<!-- Generated by org.testng.reporters.JUnitReportReporter -->
<testsuite hostname="LAPTOP-VIVBKSLH" failures="0" tests="1" name="E2ETestCase.CloudFront" time="5.738" errors="0" timestamp="2020-05-29T17:18:48 GMT-04:00" skipped="0">
  <testcase classname="E2ETestCase.CloudFront" name="CloudFront_Distirbution" time="5.738"/>
  <system-out/>
</testsuite> <!-- E2ETestCase.CloudFront -->
