<?xml version="1.0" encoding="UTF-8"?>
<!-- Generated by org.testng.reporters.JUnitReportReporter -->
<testsuite skipped="0" hostname="LAPTOP-VIVBKSLH" name="E2ETestCase.CloudFront" tests="1" failures="0" timestamp="2020-05-24T15:02:55 EDT" time="4.262" errors="0">
  <testcase name="CloudFront_Distirbution" time="4.262" classname="E2ETestCase.CloudFront"/>
  <system-out/>
</testsuite> <!-- E2ETestCase.CloudFront -->
