<?xml version="1.0" encoding="UTF-8"?>
<!-- Generated by org.testng.reporters.JUnitReportReporter -->
<testsuite skipped="0" hostname="LAPTOP-VIVBKSLH" name="E2ETestCase.Final_Browser" tests="1" failures="0" timestamp="2020-05-23T23:47:23 EDT" time="10.635" errors="0">
  <testcase name="intialize" time="10.635" classname="E2ETestCase.Final_Browser"/>
  <system-out/>
</testsuite> <!-- E2ETestCase.Final_Browser -->
