<?xml version="1.0" encoding="UTF-8"?>
<!-- Generated by org.testng.reporters.JUnitReportReporter -->
<testsuite skipped="0" hostname="LAPTOP-VIVBKSLH" name="E2ETestCase.Route53" tests="1" failures="0" timestamp="2020-05-24T15:07:26 EDT" time="10.406" errors="0">
  <testcase name="route53_create" time="10.406" classname="E2ETestCase.Route53"/>
  <system-out/>
</testsuite> <!-- E2ETestCase.Route53 -->
