<?xml version="1.0" encoding="UTF-8"?>
<!-- Generated by org.testng.reporters.JUnitReportReporter -->
<testsuite hostname="LAPTOP-VIVBKSLH" failures="0" tests="1" name="E2ETestCase.S3CloudFront" time="33.628" errors="0" timestamp="29 May 2020 20:23:59 GMT">
  <testcase classname="E2ETestCase.S3CloudFront" name="S3Bucket_Creation" time="33.628"/>
</testsuite> <!-- E2ETestCase.S3CloudFront -->
